[2017-04-08 19:44:17] production.ERROR: InvalidArgumentException: The "" directory does not exist. in /Users/kristjanjansen/Documents/projects/laravel/elektrum_yii/vendor/symfony/finder/Finder.php:546
Stack trace:
#0 /Users/kristjanjansen/Documents/projects/laravel/elektrum_yii/vendor/laravel/framework/src/Illuminate/Foundation/Bootstrap/LoadConfiguration.php(86): Symfony\Component\Finder\Finder->in(false)
#1 /Users/kristjanjansen/Documents/projects/laravel/elektrum_yii/vendor/laravel/framework/src/Illuminate/Foundation/Bootstrap/LoadConfiguration.php(63): Illuminate\Foundation\Bootstrap\LoadConfiguration->getConfigurationFiles(Object(Illuminate\Foundation\Application))
#2 /Users/kristjanjansen/Documents/projects/laravel/elektrum_yii/vendor/laravel/framework/src/Illuminate/Foundation/Bootstrap/LoadConfiguration.php(39): Illuminate\Foundation\Bootstrap\LoadConfiguration->loadConfigurationFiles(Object(Illuminate\Foundation\Application), Object(Illuminate\Config\Repository))
#3 /Users/kristjanjansen/Documents/projects/laravel/elektrum_yii/vendor/laravel/framework/src/Illuminate/Foundation/Application.php(208): Illuminate\Foundation\Bootstrap\LoadConfiguration->bootstrap(Object(Illuminate\Foundation\Application))
#4 /Users/kristjanjansen/Documents/projects/laravel/elektrum_yii/vendor/laravel/framework/src/Illuminate/Foundation/Console/Kernel.php(270): Illuminate\Foundation\Application->bootstrapWith(Array)
#5 /Users/kristjanjansen/Documents/projects/laravel/elektrum_yii/vendor/laravel/framework/src/Illuminate/Foundation/Console/Kernel.php(115): Illuminate\Foundation\Console\Kernel->bootstrap()
#6 /Users/kristjanjansen/Documents/projects/laravel/elektrum_yii/artisan(35): Illuminate\Foundation\Console\Kernel->handle(Object(Symfony\Component\Console\Input\ArgvInput), Object(Symfony\Component\Console\Output\ConsoleOutput))
#7 {main}  
[2017-04-08 19:44:27] production.ERROR: InvalidArgumentException: The "" directory does not exist. in /Users/kristjanjansen/Documents/projects/laravel/elektrum_yii/vendor/symfony/finder/Finder.php:546
Stack trace:
#0 /Users/kristjanjansen/Documents/projects/laravel/elektrum_yii/vendor/laravel/framework/src/Illuminate/Foundation/Bootstrap/LoadConfiguration.php(86): Symfony\Component\Finder\Finder->in(false)
#1 /Users/kristjanjansen/Documents/projects/laravel/elektrum_yii/vendor/laravel/framework/src/Illuminate/Foundation/Bootstrap/LoadConfiguration.php(63): Illuminate\Foundation\Bootstrap\LoadConfiguration->getConfigurationFiles(Object(Illuminate\Foundation\Application))
#2 /Users/kristjanjansen/Documents/projects/laravel/elektrum_yii/vendor/laravel/framework/src/Illuminate/Foundation/Bootstrap/LoadConfiguration.php(39): Illuminate\Foundation\Bootstrap\LoadConfiguration->loadConfigurationFiles(Object(Illuminate\Foundation\Application), Object(Illuminate\Config\Repository))
#3 /Users/kristjanjansen/Documents/projects/laravel/elektrum_yii/vendor/laravel/framework/src/Illuminate/Foundation/Application.php(208): Illuminate\Foundation\Bootstrap\LoadConfiguration->bootstrap(Object(Illuminate\Foundation\Application))
#4 /Users/kristjanjansen/Documents/projects/laravel/elektrum_yii/vendor/laravel/framework/src/Illuminate/Foundation/Console/Kernel.php(270): Illuminate\Foundation\Application->bootstrapWith(Array)
#5 /Users/kristjanjansen/Documents/projects/laravel/elektrum_yii/vendor/laravel/framework/src/Illuminate/Foundation/Console/Kernel.php(115): Illuminate\Foundation\Console\Kernel->bootstrap()
#6 /Users/kristjanjansen/Documents/projects/laravel/elektrum_yii/artisan(35): Illuminate\Foundation\Console\Kernel->handle(Object(Symfony\Component\Console\Input\ArgvInput), Object(Symfony\Component\Console\Output\ConsoleOutput))
#7 {main}  
[2017-04-08 19:44:34] production.ERROR: InvalidArgumentException: The "" directory does not exist. in /Users/kristjanjansen/Documents/projects/laravel/elektrum_yii/vendor/symfony/finder/Finder.php:546
Stack trace:
#0 /Users/kristjanjansen/Documents/projects/laravel/elektrum_yii/vendor/laravel/framework/src/Illuminate/Foundation/Bootstrap/LoadConfiguration.php(86): Symfony\Component\Finder\Finder->in(false)
#1 /Users/kristjanjansen/Documents/projects/laravel/elektrum_yii/vendor/laravel/framework/src/Illuminate/Foundation/Bootstrap/LoadConfiguration.php(63): Illuminate\Foundation\Bootstrap\LoadConfiguration->getConfigurationFiles(Object(Illuminate\Foundation\Application))
#2 /Users/kristjanjansen/Documents/projects/laravel/elektrum_yii/vendor/laravel/framework/src/Illuminate/Foundation/Bootstrap/LoadConfiguration.php(39): Illuminate\Foundation\Bootstrap\LoadConfiguration->loadConfigurationFiles(Object(Illuminate\Foundation\Application), Object(Illuminate\Config\Repository))
#3 /Users/kristjanjansen/Documents/projects/laravel/elektrum_yii/vendor/laravel/framework/src/Illuminate/Foundation/Application.php(208): Illuminate\Foundation\Bootstrap\LoadConfiguration->bootstrap(Object(Illuminate\Foundation\Application))
#4 /Users/kristjanjansen/Documents/projects/laravel/elektrum_yii/vendor/laravel/framework/src/Illuminate/Foundation/Console/Kernel.php(270): Illuminate\Foundation\Application->bootstrapWith(Array)
#5 /Users/kristjanjansen/Documents/projects/laravel/elektrum_yii/vendor/laravel/framework/src/Illuminate/Foundation/Console/Kernel.php(115): Illuminate\Foundation\Console\Kernel->bootstrap()
#6 /Users/kristjanjansen/Documents/projects/laravel/elektrum_yii/artisan(35): Illuminate\Foundation\Console\Kernel->handle(Object(Symfony\Component\Console\Input\ArgvInput), Object(Symfony\Component\Console\Output\ConsoleOutput))
#7 {main}  
[2017-04-08 19:47:07] production.ERROR: Exception: Unable to load the "app" configuration file. in /Users/kristjanjansen/Documents/projects/laravel/elektrum_yii/vendor/laravel/framework/src/Illuminate/Foundation/Bootstrap/LoadConfiguration.php:66
Stack trace:
#0 /Users/kristjanjansen/Documents/projects/laravel/elektrum_yii/vendor/laravel/framework/src/Illuminate/Foundation/Bootstrap/LoadConfiguration.php(39): Illuminate\Foundation\Bootstrap\LoadConfiguration->loadConfigurationFiles(Object(Illuminate\Foundation\Application), Object(Illuminate\Config\Repository))
#1 /Users/kristjanjansen/Documents/projects/laravel/elektrum_yii/vendor/laravel/framework/src/Illuminate/Foundation/Application.php(208): Illuminate\Foundation\Bootstrap\LoadConfiguration->bootstrap(Object(Illuminate\Foundation\Application))
#2 /Users/kristjanjansen/Documents/projects/laravel/elektrum_yii/vendor/laravel/framework/src/Illuminate/Foundation/Console/Kernel.php(270): Illuminate\Foundation\Application->bootstrapWith(Array)
#3 /Users/kristjanjansen/Documents/projects/laravel/elektrum_yii/vendor/laravel/framework/src/Illuminate/Foundation/Console/Kernel.php(115): Illuminate\Foundation\Console\Kernel->bootstrap()
#4 /Users/kristjanjansen/Documents/projects/laravel/elektrum_yii/artisan(35): Illuminate\Foundation\Console\Kernel->handle(Object(Symfony\Component\Console\Input\ArgvInput), Object(Symfony\Component\Console\Output\ConsoleOutput))
#5 {main}  
[2017-04-08 19:47:35] production.ERROR: Symfony\Component\Debug\Exception\FatalThrowableError: Class 'App\Providers\AppServiceProvider' not found in /Users/kristjanjansen/Documents/projects/laravel/elektrum_yii/vendor/laravel/framework/src/Illuminate/Foundation/Application.php:612
Stack trace:
#0 /Users/kristjanjansen/Documents/projects/laravel/elektrum_yii/vendor/laravel/framework/src/Illuminate/Foundation/Application.php(570): Illuminate\Foundation\Application->resolveProvider('App\\Providers\\A...')
#1 /Users/kristjanjansen/Documents/projects/laravel/elektrum_yii/vendor/laravel/framework/src/Illuminate/Foundation/ProviderRepository.php(75): Illuminate\Foundation\Application->register('App\\Providers\\A...')
#2 /Users/kristjanjansen/Documents/projects/laravel/elektrum_yii/vendor/laravel/framework/src/Illuminate/Foundation/Application.php(549): Illuminate\Foundation\ProviderRepository->load(Array)
#3 /Users/kristjanjansen/Documents/projects/laravel/elektrum_yii/vendor/laravel/framework/src/Illuminate/Foundation/Bootstrap/RegisterProviders.php(17): Illuminate\Foundation\Application->registerConfiguredProviders()
#4 /Users/kristjanjansen/Documents/projects/laravel/elektrum_yii/vendor/laravel/framework/src/Illuminate/Foundation/Application.php(208): Illuminate\Foundation\Bootstrap\RegisterProviders->bootstrap(Object(Illuminate\Foundation\Application))
#5 /Users/kristjanjansen/Documents/projects/laravel/elektrum_yii/vendor/laravel/framework/src/Illuminate/Foundation/Console/Kernel.php(270): Illuminate\Foundation\Application->bootstrapWith(Array)
#6 /Users/kristjanjansen/Documents/projects/laravel/elektrum_yii/vendor/laravel/framework/src/Illuminate/Foundation/Console/Kernel.php(115): Illuminate\Foundation\Console\Kernel->bootstrap()
#7 /Users/kristjanjansen/Documents/projects/laravel/elektrum_yii/artisan(35): Illuminate\Foundation\Console\Kernel->handle(Object(Symfony\Component\Console\Input\ArgvInput), Object(Symfony\Component\Console\Output\ConsoleOutput))
#8 {main}  
[2017-04-08 19:48:00] production.ERROR: Symfony\Component\Debug\Exception\FatalThrowableError: Class 'Way\Generators\GeneratorsServiceProvider' not found in /Users/kristjanjansen/Documents/projects/laravel/elektrum_yii/vendor/laravel/framework/src/Illuminate/Foundation/Application.php:612
Stack trace:
#0 /Users/kristjanjansen/Documents/projects/laravel/elektrum_yii/vendor/laravel/framework/src/Illuminate/Foundation/Application.php(570): Illuminate\Foundation\Application->resolveProvider('Way\\Generators\\...')
#1 /Users/kristjanjansen/Documents/projects/laravel/elektrum_yii/vendor/laravel/framework/src/Illuminate/Foundation/ProviderRepository.php(75): Illuminate\Foundation\Application->register('Way\\Generators\\...')
#2 /Users/kristjanjansen/Documents/projects/laravel/elektrum_yii/vendor/laravel/framework/src/Illuminate/Foundation/Application.php(549): Illuminate\Foundation\ProviderRepository->load(Array)
#3 /Users/kristjanjansen/Documents/projects/laravel/elektrum_yii/vendor/laravel/framework/src/Illuminate/Foundation/Bootstrap/RegisterProviders.php(17): Illuminate\Foundation\Application->registerConfiguredProviders()
#4 /Users/kristjanjansen/Documents/projects/laravel/elektrum_yii/vendor/laravel/framework/src/Illuminate/Foundation/Application.php(208): Illuminate\Foundation\Bootstrap\RegisterProviders->bootstrap(Object(Illuminate\Foundation\Application))
#5 /Users/kristjanjansen/Documents/projects/laravel/elektrum_yii/vendor/laravel/framework/src/Illuminate/Foundation/Console/Kernel.php(270): Illuminate\Foundation\Application->bootstrapWith(Array)
#6 /Users/kristjanjansen/Documents/projects/laravel/elektrum_yii/vendor/laravel/framework/src/Illuminate/Foundation/Console/Kernel.php(115): Illuminate\Foundation\Console\Kernel->bootstrap()
#7 /Users/kristjanjansen/Documents/projects/laravel/elektrum_yii/artisan(35): Illuminate\Foundation\Console\Kernel->handle(Object(Symfony\Component\Console\Input\ArgvInput), Object(Symfony\Component\Console\Output\ConsoleOutput))
#8 {main}  
[2017-04-08 19:48:32] production.ERROR: Symfony\Component\Debug\Exception\FatalThrowableError: Class 'Laravel\Tinker\TinkerServiceProvider' not found in /Users/kristjanjansen/Documents/projects/laravel/elektrum_yii/vendor/laravel/framework/src/Illuminate/Foundation/ProviderRepository.php:208
Stack trace:
#0 /Users/kristjanjansen/Documents/projects/laravel/elektrum_yii/vendor/laravel/framework/src/Illuminate/Foundation/ProviderRepository.php(144): Illuminate\Foundation\ProviderRepository->createProvider('Laravel\\Tinker\\...')
#1 /Users/kristjanjansen/Documents/projects/laravel/elektrum_yii/vendor/laravel/framework/src/Illuminate/Foundation/ProviderRepository.php(61): Illuminate\Foundation\ProviderRepository->compileManifest(Array)
#2 /Users/kristjanjansen/Documents/projects/laravel/elektrum_yii/vendor/laravel/framework/src/Illuminate/Foundation/Application.php(549): Illuminate\Foundation\ProviderRepository->load(Array)
#3 /Users/kristjanjansen/Documents/projects/laravel/elektrum_yii/vendor/laravel/framework/src/Illuminate/Foundation/Bootstrap/RegisterProviders.php(17): Illuminate\Foundation\Application->registerConfiguredProviders()
#4 /Users/kristjanjansen/Documents/projects/laravel/elektrum_yii/vendor/laravel/framework/src/Illuminate/Foundation/Application.php(208): Illuminate\Foundation\Bootstrap\RegisterProviders->bootstrap(Object(Illuminate\Foundation\Application))
#5 /Users/kristjanjansen/Documents/projects/laravel/elektrum_yii/vendor/laravel/framework/src/Illuminate/Foundation/Console/Kernel.php(270): Illuminate\Foundation\Application->bootstrapWith(Array)
#6 /Users/kristjanjansen/Documents/projects/laravel/elektrum_yii/vendor/laravel/framework/src/Illuminate/Foundation/Console/Kernel.php(115): Illuminate\Foundation\Console\Kernel->bootstrap()
#7 /Users/kristjanjansen/Documents/projects/laravel/elektrum_yii/artisan(35): Illuminate\Foundation\Console\Kernel->handle(Object(Symfony\Component\Console\Input\ArgvInput), Object(Symfony\Component\Console\Output\ConsoleOutput))
#8 {main}  
[2017-04-08 19:49:13] production.ERROR: Symfony\Component\Debug\Exception\FatalThrowableError: Type error: Argument 2 passed to Illuminate\View\FileViewFinder::__construct() must be of the type array, null given, called in /Users/kristjanjansen/Documents/projects/laravel/elektrum_yii/vendor/laravel/framework/src/Illuminate/View/ViewServiceProvider.php on line 64 in /Users/kristjanjansen/Documents/projects/laravel/elektrum_yii/vendor/laravel/framework/src/Illuminate/View/FileViewFinder.php:53
Stack trace:
#0 /Users/kristjanjansen/Documents/projects/laravel/elektrum_yii/vendor/laravel/framework/src/Illuminate/View/ViewServiceProvider.php(64): Illuminate\View\FileViewFinder->__construct(Object(Illuminate\Filesystem\Filesystem), NULL)
#1 /Users/kristjanjansen/Documents/projects/laravel/elektrum_yii/vendor/laravel/framework/src/Illuminate/Container/Container.php(716): Illuminate\View\ViewServiceProvider->Illuminate\View\{closure}(Object(Illuminate\Foundation\Application), Array)
#2 /Users/kristjanjansen/Documents/projects/laravel/elektrum_yii/vendor/laravel/framework/src/Illuminate/Container/Container.php(598): Illuminate\Container\Container->build(Object(Closure))
#3 /Users/kristjanjansen/Documents/projects/laravel/elektrum_yii/vendor/laravel/framework/src/Illuminate/Container/Container.php(567): Illuminate\Container\Container->resolve('view.finder')
#4 /Users/kristjanjansen/Documents/projects/laravel/elektrum_yii/vendor/laravel/framework/src/Illuminate/Foundation/Application.php(708): Illuminate\Container\Container->make('view.finder')
#5 /Users/kristjanjansen/Documents/projects/laravel/elektrum_yii/vendor/laravel/framework/src/Illuminate/Container/Container.php(1139): Illuminate\Foundation\Application->make('view.finder')
#6 /Users/kristjanjansen/Documents/projects/laravel/elektrum_yii/vendor/laravel/framework/src/Illuminate/View/ViewServiceProvider.php(41): Illuminate\Container\Container->offsetGet('view.finder')
#7 /Users/kristjanjansen/Documents/projects/laravel/elektrum_yii/vendor/laravel/framework/src/Illuminate/Container/Container.php(716): Illuminate\View\ViewServiceProvider->Illuminate\View\{closure}(Object(Illuminate\Foundation\Application), Array)
#8 /Users/kristjanjansen/Documents/projects/laravel/elektrum_yii/vendor/laravel/framework/src/Illuminate/Container/Container.php(598): Illuminate\Container\Container->build(Object(Closure))
#9 /Users/kristjanjansen/Documents/projects/laravel/elektrum_yii/vendor/laravel/framework/src/Illuminate/Container/Container.php(567): Illuminate\Container\Container->resolve('view')
#10 /Users/kristjanjansen/Documents/projects/laravel/elektrum_yii/vendor/laravel/framework/src/Illuminate/Foundation/Application.php(708): Illuminate\Container\Container->make('view')
#11 /Users/kristjanjansen/Documents/projects/laravel/elektrum_yii/vendor/laravel/framework/src/Illuminate/Container/Container.php(1139): Illuminate\Foundation\Application->make('view')
#12 /Users/kristjanjansen/Documents/projects/laravel/elektrum_yii/vendor/laravel/framework/src/Illuminate/Support/ServiceProvider.php(88): Illuminate\Container\Container->offsetGet('view')
#13 /Users/kristjanjansen/Documents/projects/laravel/elektrum_yii/vendor/laravel/framework/src/Illuminate/Notifications/NotificationServiceProvider.php(18): Illuminate\Support\ServiceProvider->loadViewsFrom('/Users/kristjan...', 'notifications')
#14 [internal function]: Illuminate\Notifications\NotificationServiceProvider->boot()
#15 /Users/kristjanjansen/Documents/projects/laravel/elektrum_yii/vendor/laravel/framework/src/Illuminate/Container/BoundMethod.php(29): call_user_func_array(Array, Array)
#16 /Users/kristjanjansen/Documents/projects/laravel/elektrum_yii/vendor/laravel/framework/src/Illuminate/Container/BoundMethod.php(87): Illuminate\Container\BoundMethod::Illuminate\Container\{closure}()
#17 /Users/kristjanjansen/Documents/projects/laravel/elektrum_yii/vendor/laravel/framework/src/Illuminate/Container/BoundMethod.php(31): Illuminate\Container\BoundMethod::callBoundMethod(Object(Illuminate\Foundation\Application), Array, Object(Closure))
#18 /Users/kristjanjansen/Documents/projects/laravel/elektrum_yii/vendor/laravel/framework/src/Illuminate/Container/Container.php(531): Illuminate\Container\BoundMethod::call(Object(Illuminate\Foundation\Application), Array, Array, NULL)
#19 /Users/kristjanjansen/Documents/projects/laravel/elektrum_yii/vendor/laravel/framework/src/Illuminate/Foundation/Application.php(768): Illuminate\Container\Container->call(Array)
#20 /Users/kristjanjansen/Documents/projects/laravel/elektrum_yii/vendor/laravel/framework/src/Illuminate/Foundation/Application.php(751): Illuminate\Foundation\Application->bootProvider(Object(Illuminate\Notifications\NotificationServiceProvider))
#21 [internal function]: Illuminate\Foundation\Application->Illuminate\Foundation\{closure}(Object(Illuminate\Notifications\NotificationServiceProvider), 10)
#22 /Users/kristjanjansen/Documents/projects/laravel/elektrum_yii/vendor/laravel/framework/src/Illuminate/Foundation/Application.php(752): array_walk(Array, Object(Closure))
#23 /Users/kristjanjansen/Documents/projects/laravel/elektrum_yii/vendor/laravel/framework/src/Illuminate/Foundation/Bootstrap/BootProviders.php(17): Illuminate\Foundation\Application->boot()
#24 /Users/kristjanjansen/Documents/projects/laravel/elektrum_yii/vendor/laravel/framework/src/Illuminate/Foundation/Application.php(208): Illuminate\Foundation\Bootstrap\BootProviders->bootstrap(Object(Illuminate\Foundation\Application))
#25 /Users/kristjanjansen/Documents/projects/laravel/elektrum_yii/vendor/laravel/framework/src/Illuminate/Foundation/Console/Kernel.php(270): Illuminate\Foundation\Application->bootstrapWith(Array)
#26 /Users/kristjanjansen/Documents/projects/laravel/elektrum_yii/vendor/laravel/framework/src/Illuminate/Foundation/Console/Kernel.php(115): Illuminate\Foundation\Console\Kernel->bootstrap()
#27 /Users/kristjanjansen/Documents/projects/laravel/elektrum_yii/artisan(35): Illuminate\Foundation\Console\Kernel->handle(Object(Symfony\Component\Console\Input\ArgvInput), Object(Symfony\Component\Console\Output\ConsoleOutput))
#28 {main}  
[2017-04-08 19:52:53] production.ERROR: Symfony\Component\Debug\Exception\FatalThrowableError: Class 'Way\Generators\GeneratorsServiceProvider' not found in /Users/kristjanjansen/Documents/projects/laravel/elektrum_yii/vendor/laravel/framework/src/Illuminate/Foundation/ProviderRepository.php:208
Stack trace:
#0 /Users/kristjanjansen/Documents/projects/laravel/elektrum_yii/vendor/laravel/framework/src/Illuminate/Foundation/ProviderRepository.php(144): Illuminate\Foundation\ProviderRepository->createProvider('Way\\Generators\\...')
#1 /Users/kristjanjansen/Documents/projects/laravel/elektrum_yii/vendor/laravel/framework/src/Illuminate/Foundation/ProviderRepository.php(61): Illuminate\Foundation\ProviderRepository->compileManifest(Array)
#2 /Users/kristjanjansen/Documents/projects/laravel/elektrum_yii/vendor/laravel/framework/src/Illuminate/Foundation/Application.php(549): Illuminate\Foundation\ProviderRepository->load(Array)
#3 /Users/kristjanjansen/Documents/projects/laravel/elektrum_yii/vendor/laravel/framework/src/Illuminate/Foundation/Bootstrap/RegisterProviders.php(17): Illuminate\Foundation\Application->registerConfiguredProviders()
#4 /Users/kristjanjansen/Documents/projects/laravel/elektrum_yii/vendor/laravel/framework/src/Illuminate/Foundation/Application.php(208): Illuminate\Foundation\Bootstrap\RegisterProviders->bootstrap(Object(Illuminate\Foundation\Application))
#5 /Users/kristjanjansen/Documents/projects/laravel/elektrum_yii/vendor/laravel/framework/src/Illuminate/Foundation/Console/Kernel.php(270): Illuminate\Foundation\Application->bootstrapWith(Array)
#6 /Users/kristjanjansen/Documents/projects/laravel/elektrum_yii/vendor/laravel/framework/src/Illuminate/Foundation/Console/Kernel.php(115): Illuminate\Foundation\Console\Kernel->bootstrap()
#7 /Users/kristjanjansen/Documents/projects/laravel/elektrum_yii/artisan(35): Illuminate\Foundation\Console\Kernel->handle(Object(Symfony\Component\Console\Input\ArgvInput), Object(Symfony\Component\Console\Output\ConsoleOutput))
#8 {main}  
[2017-04-08 19:53:11] production.ERROR: Symfony\Component\Debug\Exception\FatalErrorException: Illuminate\Routing\Router::loadRoutes(): Failed opening required '/Users/kristjanjansen/Documents/projects/laravel/elektrum_yii/routes/api.php' (include_path='.:') in /Users/kristjanjansen/Documents/projects/laravel/elektrum_yii/vendor/laravel/framework/src/Illuminate/Routing/Router.php:314
Stack trace:
#0 {main}  
[2017-04-08 19:54:11] production.ERROR: Symfony\Component\Debug\Exception\FatalErrorException: Illuminate\Routing\Router::loadRoutes(): Failed opening required '/Users/kristjanjansen/Documents/projects/laravel/elektrum_yii/routes/web.php' (include_path='.:') in /Users/kristjanjansen/Documents/projects/laravel/elektrum_yii/vendor/laravel/framework/src/Illuminate/Routing/Router.php:314
Stack trace:
#0 {main}  
[2017-04-08 19:55:05] production.ERROR: Symfony\Component\Console\Exception\CommandNotFoundException: There are no commands defined in the "dusk" namespace. in /Users/kristjanjansen/Documents/projects/laravel/elektrum_yii/vendor/symfony/console/Application.php:500
Stack trace:
#0 /Users/kristjanjansen/Documents/projects/laravel/elektrum_yii/vendor/symfony/console/Application.php(532): Symfony\Component\Console\Application->findNamespace('dusk')
#1 /Users/kristjanjansen/Documents/projects/laravel/elektrum_yii/vendor/symfony/console/Application.php(187): Symfony\Component\Console\Application->find('dusk:install')
#2 /Users/kristjanjansen/Documents/projects/laravel/elektrum_yii/vendor/symfony/console/Application.php(121): Symfony\Component\Console\Application->doRun(Object(Symfony\Component\Console\Input\ArgvInput), Object(Symfony\Component\Console\Output\ConsoleOutput))
#3 /Users/kristjanjansen/Documents/projects/laravel/elektrum_yii/vendor/laravel/framework/src/Illuminate/Foundation/Console/Kernel.php(123): Symfony\Component\Console\Application->run(Object(Symfony\Component\Console\Input\ArgvInput), Object(Symfony\Component\Console\Output\ConsoleOutput))
#4 /Users/kristjanjansen/Documents/projects/laravel/elektrum_yii/artisan(35): Illuminate\Foundation\Console\Kernel->handle(Object(Symfony\Component\Console\Input\ArgvInput), Object(Symfony\Component\Console\Output\ConsoleOutput))
#5 {main}  
[2017-04-08 20:00:29] production.ERROR: ReflectionException: Class \Illuminate\Console\Command\InstallCommand does not exist in /Users/kristjanjansen/Documents/projects/laravel/elektrum_yii/vendor/laravel/framework/src/Illuminate/Container/Container.php:719
Stack trace:
#0 /Users/kristjanjansen/Documents/projects/laravel/elektrum_yii/vendor/laravel/framework/src/Illuminate/Container/Container.php(719): ReflectionClass->__construct('\\Illuminate\\Con...')
#1 /Users/kristjanjansen/Documents/projects/laravel/elektrum_yii/vendor/laravel/framework/src/Illuminate/Container/Container.php(598): Illuminate\Container\Container->build('\\Illuminate\\Con...')
#2 /Users/kristjanjansen/Documents/projects/laravel/elektrum_yii/vendor/laravel/framework/src/Illuminate/Container/Container.php(567): Illuminate\Container\Container->resolve('\\Illuminate\\Con...')
#3 /Users/kristjanjansen/Documents/projects/laravel/elektrum_yii/vendor/laravel/framework/src/Illuminate/Foundation/Application.php(708): Illuminate\Container\Container->make('\\Illuminate\\Con...')
#4 /Users/kristjanjansen/Documents/projects/laravel/elektrum_yii/vendor/laravel/framework/src/Illuminate/Console/Application.php(192): Illuminate\Foundation\Application->make('\\Illuminate\\Con...')
#5 /Users/kristjanjansen/Documents/projects/laravel/elektrum_yii/vendor/laravel/framework/src/Illuminate/Console/Application.php(206): Illuminate\Console\Application->resolve('\\Illuminate\\Con...')
#6 /Users/kristjanjansen/Documents/projects/laravel/elektrum_yii/vendor/laravel/framework/src/Illuminate/Foundation/Console/Kernel.php(288): Illuminate\Console\Application->resolveCommands(Array)
#7 /Users/kristjanjansen/Documents/projects/laravel/elektrum_yii/vendor/laravel/framework/src/Illuminate/Foundation/Console/Kernel.php(123): Illuminate\Foundation\Console\Kernel->getArtisan()
#8 /Users/kristjanjansen/Documents/projects/laravel/elektrum_yii/artisan(35): Illuminate\Foundation\Console\Kernel->handle(Object(Symfony\Component\Console\Input\ArgvInput), Object(Symfony\Component\Console\Output\ConsoleOutput))
#9 {main}  
[2017-04-08 20:00:34] production.ERROR: ReflectionException: Class Illuminate\Console\Command\InstallCommand does not exist in /Users/kristjanjansen/Documents/projects/laravel/elektrum_yii/vendor/laravel/framework/src/Illuminate/Container/Container.php:719
Stack trace:
#0 /Users/kristjanjansen/Documents/projects/laravel/elektrum_yii/vendor/laravel/framework/src/Illuminate/Container/Container.php(719): ReflectionClass->__construct('Illuminate\\Cons...')
#1 /Users/kristjanjansen/Documents/projects/laravel/elektrum_yii/vendor/laravel/framework/src/Illuminate/Container/Container.php(598): Illuminate\Container\Container->build('Illuminate\\Cons...')
#2 /Users/kristjanjansen/Documents/projects/laravel/elektrum_yii/vendor/laravel/framework/src/Illuminate/Container/Container.php(567): Illuminate\Container\Container->resolve('Illuminate\\Cons...')
#3 /Users/kristjanjansen/Documents/projects/laravel/elektrum_yii/vendor/laravel/framework/src/Illuminate/Foundation/Application.php(708): Illuminate\Container\Container->make('Illuminate\\Cons...')
#4 /Users/kristjanjansen/Documents/projects/laravel/elektrum_yii/vendor/laravel/framework/src/Illuminate/Console/Application.php(192): Illuminate\Foundation\Application->make('Illuminate\\Cons...')
#5 /Users/kristjanjansen/Documents/projects/laravel/elektrum_yii/vendor/laravel/framework/src/Illuminate/Console/Application.php(206): Illuminate\Console\Application->resolve('Illuminate\\Cons...')
#6 /Users/kristjanjansen/Documents/projects/laravel/elektrum_yii/vendor/laravel/framework/src/Illuminate/Foundation/Console/Kernel.php(288): Illuminate\Console\Application->resolveCommands(Array)
#7 /Users/kristjanjansen/Documents/projects/laravel/elektrum_yii/vendor/laravel/framework/src/Illuminate/Foundation/Console/Kernel.php(123): Illuminate\Foundation\Console\Kernel->getArtisan()
#8 /Users/kristjanjansen/Documents/projects/laravel/elektrum_yii/artisan(35): Illuminate\Foundation\Console\Kernel->handle(Object(Symfony\Component\Console\Input\ArgvInput), Object(Symfony\Component\Console\Output\ConsoleOutput))
#9 {main}  
[2017-04-08 20:01:21] production.ERROR: ReflectionException: Class Commands\InstallCommand does not exist in /Users/kristjanjansen/Documents/projects/laravel/elektrum_yii/vendor/laravel/framework/src/Illuminate/Container/Container.php:719
Stack trace:
#0 /Users/kristjanjansen/Documents/projects/laravel/elektrum_yii/vendor/laravel/framework/src/Illuminate/Container/Container.php(719): ReflectionClass->__construct('Commands\\Instal...')
#1 /Users/kristjanjansen/Documents/projects/laravel/elektrum_yii/vendor/laravel/framework/src/Illuminate/Container/Container.php(598): Illuminate\Container\Container->build('Commands\\Instal...')
#2 /Users/kristjanjansen/Documents/projects/laravel/elektrum_yii/vendor/laravel/framework/src/Illuminate/Container/Container.php(567): Illuminate\Container\Container->resolve('Commands\\Instal...')
#3 /Users/kristjanjansen/Documents/projects/laravel/elektrum_yii/vendor/laravel/framework/src/Illuminate/Foundation/Application.php(708): Illuminate\Container\Container->make('Commands\\Instal...')
#4 /Users/kristjanjansen/Documents/projects/laravel/elektrum_yii/vendor/laravel/framework/src/Illuminate/Console/Application.php(192): Illuminate\Foundation\Application->make('Commands\\Instal...')
#5 /Users/kristjanjansen/Documents/projects/laravel/elektrum_yii/vendor/laravel/framework/src/Illuminate/Console/Application.php(206): Illuminate\Console\Application->resolve('Commands\\Instal...')
#6 /Users/kristjanjansen/Documents/projects/laravel/elektrum_yii/vendor/laravel/framework/src/Illuminate/Foundation/Console/Kernel.php(288): Illuminate\Console\Application->resolveCommands(Array)
#7 /Users/kristjanjansen/Documents/projects/laravel/elektrum_yii/vendor/laravel/framework/src/Illuminate/Foundation/Console/Kernel.php(123): Illuminate\Foundation\Console\Kernel->getArtisan()
#8 /Users/kristjanjansen/Documents/projects/laravel/elektrum_yii/artisan(35): Illuminate\Foundation\Console\Kernel->handle(Object(Symfony\Component\Console\Input\ArgvInput), Object(Symfony\Component\Console\Output\ConsoleOutput))
#9 {main}  
[2017-04-08 20:02:03] production.ERROR: ReflectionException: Class Commands\DuskInstall does not exist in /Users/kristjanjansen/Documents/projects/laravel/elektrum_yii/vendor/laravel/framework/src/Illuminate/Container/Container.php:719
Stack trace:
#0 /Users/kristjanjansen/Documents/projects/laravel/elektrum_yii/vendor/laravel/framework/src/Illuminate/Container/Container.php(719): ReflectionClass->__construct('Commands\\DuskIn...')
#1 /Users/kristjanjansen/Documents/projects/laravel/elektrum_yii/vendor/laravel/framework/src/Illuminate/Container/Container.php(598): Illuminate\Container\Container->build('Commands\\DuskIn...')
#2 /Users/kristjanjansen/Documents/projects/laravel/elektrum_yii/vendor/laravel/framework/src/Illuminate/Container/Container.php(567): Illuminate\Container\Container->resolve('Commands\\DuskIn...')
#3 /Users/kristjanjansen/Documents/projects/laravel/elektrum_yii/vendor/laravel/framework/src/Illuminate/Foundation/Application.php(708): Illuminate\Container\Container->make('Commands\\DuskIn...')
#4 /Users/kristjanjansen/Documents/projects/laravel/elektrum_yii/vendor/laravel/framework/src/Illuminate/Console/Application.php(192): Illuminate\Foundation\Application->make('Commands\\DuskIn...')
#5 /Users/kristjanjansen/Documents/projects/laravel/elektrum_yii/vendor/laravel/framework/src/Illuminate/Console/Application.php(206): Illuminate\Console\Application->resolve('Commands\\DuskIn...')
#6 /Users/kristjanjansen/Documents/projects/laravel/elektrum_yii/vendor/laravel/framework/src/Illuminate/Foundation/Console/Kernel.php(288): Illuminate\Console\Application->resolveCommands(Array)
#7 /Users/kristjanjansen/Documents/projects/laravel/elektrum_yii/vendor/laravel/framework/src/Illuminate/Foundation/Console/Kernel.php(123): Illuminate\Foundation\Console\Kernel->getArtisan()
#8 /Users/kristjanjansen/Documents/projects/laravel/elektrum_yii/artisan(35): Illuminate\Foundation\Console\Kernel->handle(Object(Symfony\Component\Console\Input\ArgvInput), Object(Symfony\Component\Console\Output\ConsoleOutput))
#9 {main}  
[2017-04-08 20:02:07] production.ERROR: ReflectionException: Class Commands\DuskInstall::class does not exist in /Users/kristjanjansen/Documents/projects/laravel/elektrum_yii/vendor/laravel/framework/src/Illuminate/Container/Container.php:719
Stack trace:
#0 /Users/kristjanjansen/Documents/projects/laravel/elektrum_yii/vendor/laravel/framework/src/Illuminate/Container/Container.php(719): ReflectionClass->__construct('Commands\\DuskIn...')
#1 /Users/kristjanjansen/Documents/projects/laravel/elektrum_yii/vendor/laravel/framework/src/Illuminate/Container/Container.php(598): Illuminate\Container\Container->build('Commands\\DuskIn...')
#2 /Users/kristjanjansen/Documents/projects/laravel/elektrum_yii/vendor/laravel/framework/src/Illuminate/Container/Container.php(567): Illuminate\Container\Container->resolve('Commands\\DuskIn...')
#3 /Users/kristjanjansen/Documents/projects/laravel/elektrum_yii/vendor/laravel/framework/src/Illuminate/Foundation/Application.php(708): Illuminate\Container\Container->make('Commands\\DuskIn...')
#4 /Users/kristjanjansen/Documents/projects/laravel/elektrum_yii/vendor/laravel/framework/src/Illuminate/Console/Application.php(192): Illuminate\Foundation\Application->make('Commands\\DuskIn...')
#5 /Users/kristjanjansen/Documents/projects/laravel/elektrum_yii/vendor/laravel/framework/src/Illuminate/Console/Application.php(206): Illuminate\Console\Application->resolve('Commands\\DuskIn...')
#6 /Users/kristjanjansen/Documents/projects/laravel/elektrum_yii/vendor/laravel/framework/src/Illuminate/Foundation/Console/Kernel.php(288): Illuminate\Console\Application->resolveCommands(Array)
#7 /Users/kristjanjansen/Documents/projects/laravel/elektrum_yii/vendor/laravel/framework/src/Illuminate/Foundation/Console/Kernel.php(123): Illuminate\Foundation\Console\Kernel->getArtisan()
#8 /Users/kristjanjansen/Documents/projects/laravel/elektrum_yii/artisan(35): Illuminate\Foundation\Console\Kernel->handle(Object(Symfony\Component\Console\Input\ArgvInput), Object(Symfony\Component\Console\Output\ConsoleOutput))
#9 {main}  
[2017-04-08 20:03:23] production.ERROR: ReflectionException: Class Illuminate\Console\Command\InstallCommand does not exist in /Users/kristjanjansen/Documents/projects/laravel/elektrum_yii/vendor/laravel/framework/src/Illuminate/Container/Container.php:719
Stack trace:
#0 /Users/kristjanjansen/Documents/projects/laravel/elektrum_yii/vendor/laravel/framework/src/Illuminate/Container/Container.php(719): ReflectionClass->__construct('Illuminate\\Cons...')
#1 /Users/kristjanjansen/Documents/projects/laravel/elektrum_yii/vendor/laravel/framework/src/Illuminate/Container/Container.php(598): Illuminate\Container\Container->build('Illuminate\\Cons...')
#2 /Users/kristjanjansen/Documents/projects/laravel/elektrum_yii/vendor/laravel/framework/src/Illuminate/Container/Container.php(567): Illuminate\Container\Container->resolve('Illuminate\\Cons...')
#3 /Users/kristjanjansen/Documents/projects/laravel/elektrum_yii/vendor/laravel/framework/src/Illuminate/Foundation/Application.php(708): Illuminate\Container\Container->make('Illuminate\\Cons...')
#4 /Users/kristjanjansen/Documents/projects/laravel/elektrum_yii/vendor/laravel/framework/src/Illuminate/Console/Application.php(192): Illuminate\Foundation\Application->make('Illuminate\\Cons...')
#5 /Users/kristjanjansen/Documents/projects/laravel/elektrum_yii/vendor/laravel/framework/src/Illuminate/Console/Application.php(206): Illuminate\Console\Application->resolve('Illuminate\\Cons...')
#6 /Users/kristjanjansen/Documents/projects/laravel/elektrum_yii/vendor/laravel/framework/src/Illuminate/Foundation/Console/Kernel.php(288): Illuminate\Console\Application->resolveCommands(Array)
#7 /Users/kristjanjansen/Documents/projects/laravel/elektrum_yii/vendor/laravel/framework/src/Illuminate/Foundation/Console/Kernel.php(123): Illuminate\Foundation\Console\Kernel->getArtisan()
#8 /Users/kristjanjansen/Documents/projects/laravel/elektrum_yii/artisan(35): Illuminate\Foundation\Console\Kernel->handle(Object(Symfony\Component\Console\Input\ArgvInput), Object(Symfony\Component\Console\Output\ConsoleOutput))
#9 {main}  
